<?xml version="1.0" encoding="UTF-8"?>
<testsuite xmlns:xsi="http://www.w3.org/2001/XMLSchema-instance" xsi:noNamespaceSchemaLocation="https://maven.apache.org/surefire/maven-surefire-plugin/xsd/surefire-test-report-3.0.xsd" version="3.0" name="hu.sebestyen.foxandhounds.service.command.StartCommandTest" time="0.011" tests="1" errors="0" skipped="0" failures="0">
  <properties>
    <property name="sun.desktop" value="windows"/>
    <property name="awt.toolkit" value="sun.awt.windows.WToolkit"/>
    <property name="java.specification.version" value="11"/>
    <property name="sun.cpu.isalist" value="amd64"/>
    <property name="sun.jnu.encoding" value="Cp1250"/>
    <property name="java.class.path" value="C:\3_Szemeszter\beadandó\Fox and Hounds\Fox-and-Hounds\target\test-classes;C:\3_Szemeszter\beadandó\Fox and Hounds\Fox-and-Hounds\target\classes;C:\Users\botbr\.m2\repository\ch\qos\logback\logback-classic\1.4.3\logback-classic-1.4.3.jar;C:\Users\botbr\.m2\repository\ch\qos\logback\logback-core\1.4.3\logback-core-1.4.3.jar;C:\Users\botbr\.m2\repository\org\slf4j\slf4j-api\2.0.1\slf4j-api-2.0.1.jar;C:\Users\botbr\.m2\repository\org\junit\jupiter\junit-jupiter-api\5.9.0\junit-jupiter-api-5.9.0.jar;C:\Users\botbr\.m2\repository\org\opentest4j\opentest4j\1.2.0\opentest4j-1.2.0.jar;C:\Users\botbr\.m2\repository\org\junit\platform\junit-platform-commons\1.9.0\junit-platform-commons-1.9.0.jar;C:\Users\botbr\.m2\repository\org\apiguardian\apiguardian-api\1.1.2\apiguardian-api-1.1.2.jar;C:\Users\botbr\.m2\repository\org\mockito\mockito-junit-jupiter\4.8.0\mockito-junit-jupiter-4.8.0.jar;C:\Users\botbr\.m2\repository\org\mockito\mockito-core\4.8.0\mockito-core-4.8.0.jar;C:\Users\botbr\.m2\repository\net\bytebuddy\byte-buddy\1.12.14\byte-buddy-1.12.14.jar;C:\Users\botbr\.m2\repository\net\bytebuddy\byte-buddy-agent\1.12.14\byte-buddy-agent-1.12.14.jar;C:\Users\botbr\.m2\repository\org\objenesis\objenesis\3.2\objenesis-3.2.jar;"/>
    <property name="java.vm.vendor" value="Amazon.com Inc."/>
    <property name="sun.arch.data.model" value="64"/>
    <property name="user.variant" value=""/>
    <property name="java.vendor.url" value="https://aws.amazon.com/corretto/"/>
    <property name="user.timezone" value="Europe/Prague"/>
    <property name="java.vm.specification.version" value="11"/>
    <property name="os.name" value="Windows 10"/>
    <property name="sun.java.launcher" value="SUN_STANDARD"/>
    <property name="user.country" value="HU"/>
    <property name="sun.boot.library.path" value="C:\Users\botbr\.jdks\corretto-11.0.16.1\bin"/>
    <property name="sun.java.command" value="C:\Users\botbr\AppData\Local\Temp\surefire12363538327474974802\surefirebooter-20221015002725345_3.jar C:\Users\botbr\AppData\Local\Temp\surefire12363538327474974802 2022-10-15T00-27-24_762-jvmRun1 surefire-20221015002725345_1tmp surefire_0-20221015002725345_2tmp"/>
    <property name="jdk.debug" value="release"/>
    <property name="surefire.test.class.path" value="C:\3_Szemeszter\beadandó\Fox and Hounds\Fox-and-Hounds\target\test-classes;C:\3_Szemeszter\beadandó\Fox and Hounds\Fox-and-Hounds\target\classes;C:\Users\botbr\.m2\repository\ch\qos\logback\logback-classic\1.4.3\logback-classic-1.4.3.jar;C:\Users\botbr\.m2\repository\ch\qos\logback\logback-core\1.4.3\logback-core-1.4.3.jar;C:\Users\botbr\.m2\repository\org\slf4j\slf4j-api\2.0.1\slf4j-api-2.0.1.jar;C:\Users\botbr\.m2\repository\org\junit\jupiter\junit-jupiter-api\5.9.0\junit-jupiter-api-5.9.0.jar;C:\Users\botbr\.m2\repository\org\opentest4j\opentest4j\1.2.0\opentest4j-1.2.0.jar;C:\Users\botbr\.m2\repository\org\junit\platform\junit-platform-commons\1.9.0\junit-platform-commons-1.9.0.jar;C:\Users\botbr\.m2\repository\org\apiguardian\apiguardian-api\1.1.2\apiguardian-api-1.1.2.jar;C:\Users\botbr\.m2\repository\org\mockito\mockito-junit-jupiter\4.8.0\mockito-junit-jupiter-4.8.0.jar;C:\Users\botbr\.m2\repository\org\mockito\mockito-core\4.8.0\mockito-core-4.8.0.jar;C:\Users\botbr\.m2\repository\net\bytebuddy\byte-buddy\1.12.14\byte-buddy-1.12.14.jar;C:\Users\botbr\.m2\repository\net\bytebuddy\byte-buddy-agent\1.12.14\byte-buddy-agent-1.12.14.jar;C:\Users\botbr\.m2\repository\org\objenesis\objenesis\3.2\objenesis-3.2.jar;"/>
    <property name="sun.cpu.endian" value="little"/>
    <property name="user.home" value="C:\Users\botbr"/>
    <property name="user.language" value="hu"/>
    <property name="java.specification.vendor" value="Oracle Corporation"/>
    <property name="java.version.date" value="2022-08-12"/>
    <property name="java.home" value="C:\Users\botbr\.jdks\corretto-11.0.16.1"/>
    <property name="file.separator" value="\"/>
    <property name="basedir" value="C:\3_Szemeszter\beadandó\Fox and Hounds\Fox-and-Hounds"/>
    <property name="java.vm.compressedOopsMode" value="32-bit"/>
    <property name="line.separator" value="&#10;"/>
    <property name="java.specification.name" value="Java Platform API Specification"/>
    <property name="java.vm.specification.vendor" value="Oracle Corporation"/>
    <property name="java.awt.graphicsenv" value="sun.awt.Win32GraphicsEnvironment"/>
    <property name="surefire.real.class.path" value="C:\Users\botbr\AppData\Local\Temp\surefire12363538327474974802\surefirebooter-20221015002725345_3.jar"/>
    <property name="user.script" value=""/>
    <property name="sun.management.compiler" value="HotSpot 64-Bit Tiered Compilers"/>
    <property name="java.runtime.version" value="11.0.16.1+9-LTS"/>
    <property name="user.name" value="botbr"/>
    <property name="path.separator" value=";"/>
    <property name="os.version" value="10.0"/>
    <property name="java.runtime.name" value="OpenJDK Runtime Environment"/>
    <property name="file.encoding" value="Cp1250"/>
    <property name="java.vm.name" value="OpenJDK 64-Bit Server VM"/>
    <property name="java.vendor.version" value="Corretto-11.0.16.9.1"/>
    <property name="localRepository" value="C:\Users\botbr\.m2\repository"/>
    <property name="java.vendor.url.bug" value="https://github.com/corretto/corretto-11/issues/"/>
    <property name="java.io.tmpdir" value="C:\Users\botbr\AppData\Local\Temp\"/>
    <property name="idea.version" value="2022.2.1"/>
    <property name="java.version" value="11.0.16.1"/>
    <property name="user.dir" value="C:\3_Szemeszter\beadandó\Fox and Hounds\Fox-and-Hounds"/>
    <property name="os.arch" value="amd64"/>
    <property name="java.vm.specification.name" value="Java Virtual Machine Specification"/>
    <property name="java.awt.printerjob" value="sun.awt.windows.WPrinterJob"/>
    <property name="sun.os.patch.level" value=""/>
    <property name="java.library.path" value="C:\Users\botbr\.jdks\corretto-11.0.16.1\bin;C:\Windows\Sun\Java\bin;C:\Windows\system32;C:\Windows;C:\Users\botbr\.jdks\openjdk-18.0.2.1\bin;C:\Windows\system32;C:\Windows;C:\Windows\System32\Wbem;C:\Windows\System32\WindowsPowerShell\v1.0\;C:\Windows\System32\OpenSSH\;C:\Program Files\Git\cmd;C:\Users\botbr\AppData\Local\Microsoft\WindowsApps;C:\Users\botbr\.jdks\openjdk-18.0.2.1\bin;;."/>
    <property name="java.vm.info" value="mixed mode"/>
    <property name="java.vendor" value="Amazon.com Inc."/>
    <property name="java.vm.version" value="11.0.16.1+9-LTS"/>
    <property name="sun.io.unicode.encoding" value="UnicodeLittle"/>
    <property name="java.class.version" value="55.0"/>
  </properties>
  <testcase name="testStartGameShouldGiveBackCorrectGameState" classname="hu.sebestyen.foxandhounds.service.command.StartCommandTest" time="0.007">
    <system-out><![CDATA[?Size?: 
]]></system-out>
  </testcase>
</testsuite>